<?xml version="1.0" encoding="UTF-8"?>
<!-- Generated by org.testng.reporters.JUnitXMLReporter -->
<testsuite ignored="0" hostname="DESKTOP-I4F49SF" failures="0" tests="3" name="UI Tests" time="12.806" errors="0" timestamp="2025-02-25T23:36:47 IST">
  <testcase classname="tests.ui.LoginTest" name="testValidLogin" time="1.236"/>
  <testcase classname="tests.ui.AddToCartTest" name="testAddToCartAfterLogin" time="0.586"/>
  <testcase classname="tests.ui.CheckoutTest" name="testCheckoutProcess" time="0.86"/>
</testsuite> <!-- UI Tests -->
