<?xml version="1.0" encoding="UTF-8"?>
<testng-results ignored="0" total="4" passed="4" failed="0" skipped="0">
  <reporter-output>
  </reporter-output>
  <suite started-at="2025-02-25T23:36:35 IST" name="E-commerce Test Suite" finished-at="2025-02-25T23:36:50 IST" duration-ms="15339">
    <groups>
    </groups>
    <test started-at="2025-02-25T23:36:35 IST" name="UI Tests" finished-at="2025-02-25T23:36:47 IST" duration-ms="12806">
      <class name="tests.ui.CheckoutTest">
        <test-method is-config="true" signature="setUp()[pri:0, instance:tests.ui.CheckoutTest@3bd82cf5]" started-at="2025-02-25T23:36:44 IST" name="setUp" finished-at="2025-02-25T23:36:46 IST" duration-ms="2477" status="PASS">
          <reporter-output>
          </reporter-output>
        </test-method> <!-- setUp -->
        <test-method is-config="true" signature="startTestMethod(org.testng.ITestResult)[pri:0, instance:tests.ui.CheckoutTest@3bd82cf5]" started-at="2025-02-25T23:36:46 IST" name="startTestMethod" finished-at="2025-02-25T23:36:46 IST" duration-ms="1" status="PASS">
          <params>
            <param index="0">
              <value>
                <![CDATA[[TestResult name={null} status=CREATED method=CheckoutTest.testCheckoutProcess()[pri:0, instance:tests.ui.CheckoutTest@3bd82cf5] output={null}]]]>
              </value>
            </param>
          </params>
          <reporter-output>
          </reporter-output>
        </test-method> <!-- startTestMethod -->
        <test-method signature="testCheckoutProcess()[pri:0, instance:tests.ui.CheckoutTest@3bd82cf5]" started-at="2025-02-25T23:36:46 IST" name="testCheckoutProcess" finished-at="2025-02-25T23:36:47 IST" duration-ms="860" status="PASS">
          <reporter-output>
          </reporter-output>
        </test-method> <!-- testCheckoutProcess -->
        <test-method is-config="true" signature="tearDown()[pri:0, instance:tests.ui.CheckoutTest@3bd82cf5]" started-at="2025-02-25T23:36:47 IST" name="tearDown" finished-at="2025-02-25T23:36:47 IST" duration-ms="194" status="PASS">
          <reporter-output>
          </reporter-output>
        </test-method> <!-- tearDown -->
        <test-method is-config="true" signature="captureTestResult(org.testng.ITestResult)[pri:0, instance:tests.ui.CheckoutTest@3bd82cf5]" started-at="2025-02-25T23:36:47 IST" name="captureTestResult" finished-at="2025-02-25T23:36:47 IST" duration-ms="0" status="PASS">
          <params>
            <param index="0">
              <value>
                <![CDATA[[TestResult name=testCheckoutProcess status=SUCCESS method=CheckoutTest.testCheckoutProcess()[pri:0, instance:tests.ui.CheckoutTest@3bd82cf5] output={null}]]]>
              </value>
            </param>
          </params>
          <reporter-output>
          </reporter-output>
        </test-method> <!-- captureTestResult -->
      </class> <!-- tests.ui.CheckoutTest -->
      <class name="tests.ui.LoginTest">
        <test-method is-config="true" signature="setUp()[pri:0, instance:tests.ui.LoginTest@510f3d34]" started-at="2025-02-25T23:36:35 IST" name="setUp" finished-at="2025-02-25T23:36:39 IST" duration-ms="3965" status="PASS">
          <reporter-output>
          </reporter-output>
        </test-method> <!-- setUp -->
        <test-method is-config="true" signature="startTestMethod(org.testng.ITestResult)[pri:0, instance:tests.ui.LoginTest@510f3d34]" started-at="2025-02-25T23:36:39 IST" name="startTestMethod" finished-at="2025-02-25T23:36:39 IST" duration-ms="12" status="PASS">
          <params>
            <param index="0">
              <value>
                <![CDATA[[TestResult name={null} status=CREATED method=LoginTest.testValidLogin()[pri:0, instance:tests.ui.LoginTest@510f3d34] output={null}]]]>
              </value>
            </param>
          </params>
          <reporter-output>
          </reporter-output>
        </test-method> <!-- startTestMethod -->
        <test-method signature="testValidLogin()[pri:0, instance:tests.ui.LoginTest@510f3d34]" started-at="2025-02-25T23:36:39 IST" name="testValidLogin" finished-at="2025-02-25T23:36:40 IST" duration-ms="1236" status="PASS">
          <reporter-output>
          </reporter-output>
        </test-method> <!-- testValidLogin -->
        <test-method is-config="true" signature="captureTestResult(org.testng.ITestResult)[pri:0, instance:tests.ui.LoginTest@510f3d34]" started-at="2025-02-25T23:36:40 IST" name="captureTestResult" finished-at="2025-02-25T23:36:40 IST" duration-ms="3" status="PASS">
          <params>
            <param index="0">
              <value>
                <![CDATA[[TestResult name=testValidLogin status=SUCCESS method=LoginTest.testValidLogin()[pri:0, instance:tests.ui.LoginTest@510f3d34] output={null}]]]>
              </value>
            </param>
          </params>
          <reporter-output>
          </reporter-output>
        </test-method> <!-- captureTestResult -->
        <test-method is-config="true" signature="tearDown()[pri:0, instance:tests.ui.LoginTest@510f3d34]" started-at="2025-02-25T23:36:40 IST" name="tearDown" finished-at="2025-02-25T23:36:41 IST" duration-ms="788" status="PASS">
          <reporter-output>
          </reporter-output>
        </test-method> <!-- tearDown -->
      </class> <!-- tests.ui.LoginTest -->
      <class name="tests.ui.AddToCartTest">
        <test-method is-config="true" signature="setUp()[pri:0, instance:tests.ui.AddToCartTest@fa4c865]" started-at="2025-02-25T23:36:41 IST" name="setUp" finished-at="2025-02-25T23:36:43 IST" duration-ms="2420" status="PASS">
          <reporter-output>
          </reporter-output>
        </test-method> <!-- setUp -->
        <test-method is-config="true" signature="startTestMethod(org.testng.ITestResult)[pri:0, instance:tests.ui.AddToCartTest@fa4c865]" started-at="2025-02-25T23:36:43 IST" name="startTestMethod" finished-at="2025-02-25T23:36:43 IST" duration-ms="2" status="PASS">
          <params>
            <param index="0">
              <value>
                <![CDATA[[TestResult name={null} status=CREATED method=AddToCartTest.testAddToCartAfterLogin()[pri:0, instance:tests.ui.AddToCartTest@fa4c865] output={null}]]]>
              </value>
            </param>
          </params>
          <reporter-output>
          </reporter-output>
        </test-method> <!-- startTestMethod -->
        <test-method signature="testAddToCartAfterLogin()[pri:0, instance:tests.ui.AddToCartTest@fa4c865]" started-at="2025-02-25T23:36:43 IST" name="testAddToCartAfterLogin" finished-at="2025-02-25T23:36:44 IST" duration-ms="586" status="PASS">
          <reporter-output>
          </reporter-output>
        </test-method> <!-- testAddToCartAfterLogin -->
        <test-method is-config="true" signature="captureTestResult(org.testng.ITestResult)[pri:0, instance:tests.ui.AddToCartTest@fa4c865]" started-at="2025-02-25T23:36:44 IST" name="captureTestResult" finished-at="2025-02-25T23:36:44 IST" duration-ms="1" status="PASS">
          <params>
            <param index="0">
              <value>
                <![CDATA[[TestResult name=testAddToCartAfterLogin status=SUCCESS method=AddToCartTest.testAddToCartAfterLogin()[pri:0, instance:tests.ui.AddToCartTest@fa4c865] output={null}]]]>
              </value>
            </param>
          </params>
          <reporter-output>
          </reporter-output>
        </test-method> <!-- captureTestResult -->
        <test-method is-config="true" signature="tearDown()[pri:0, instance:tests.ui.AddToCartTest@fa4c865]" started-at="2025-02-25T23:36:44 IST" name="tearDown" finished-at="2025-02-25T23:36:44 IST" duration-ms="179" status="PASS">
          <reporter-output>
          </reporter-output>
        </test-method> <!-- tearDown -->
      </class> <!-- tests.ui.AddToCartTest -->
    </test> <!-- UI Tests -->
    <test started-at="2025-02-25T23:36:47 IST" name="API Tests" finished-at="2025-02-25T23:36:50 IST" duration-ms="2512">
      <class name="tests.api.ProductApiTest">
        <test-method is-config="true" signature="setupApi()[pri:0, instance:tests.api.ProductApiTest@10d68fcd]" started-at="2025-02-25T23:36:47 IST" name="setupApi" finished-at="2025-02-25T23:36:48 IST" duration-ms="607" status="PASS">
          <reporter-output>
          </reporter-output>
        </test-method> <!-- setupApi -->
        <test-method is-config="true" signature="startTestMethod(org.testng.ITestResult)[pri:0, instance:tests.api.ProductApiTest@10d68fcd]" started-at="2025-02-25T23:36:48 IST" name="startTestMethod" finished-at="2025-02-25T23:36:48 IST" duration-ms="1" status="PASS">
          <params>
            <param index="0">
              <value>
                <![CDATA[[TestResult name={null} status=CREATED method=ProductApiTest.testGetProductById()[pri:0, instance:tests.api.ProductApiTest@10d68fcd] output={null}]]]>
              </value>
            </param>
          </params>
          <reporter-output>
          </reporter-output>
        </test-method> <!-- startTestMethod -->
        <test-method signature="testGetProductById()[pri:0, instance:tests.api.ProductApiTest@10d68fcd]" started-at="2025-02-25T23:36:48 IST" name="testGetProductById" finished-at="2025-02-25T23:36:50 IST" duration-ms="1892" status="PASS">
          <reporter-output>
          </reporter-output>
        </test-method> <!-- testGetProductById -->
        <test-method is-config="true" signature="captureTestResult(org.testng.ITestResult)[pri:0, instance:tests.api.ProductApiTest@10d68fcd]" started-at="2025-02-25T23:36:50 IST" name="captureTestResult" finished-at="2025-02-25T23:36:50 IST" duration-ms="3" status="PASS">
          <params>
            <param index="0">
              <value>
                <![CDATA[[TestResult name=testGetProductById status=SUCCESS method=ProductApiTest.testGetProductById()[pri:0, instance:tests.api.ProductApiTest@10d68fcd] output={null}]]]>
              </value>
            </param>
          </params>
          <reporter-output>
          </reporter-output>
        </test-method> <!-- captureTestResult -->
        <test-method is-config="true" signature="flushReports()[pri:0, instance:tests.api.ProductApiTest@10d68fcd]" started-at="2025-02-25T23:36:50 IST" name="flushReports" finished-at="2025-02-25T23:36:50 IST" duration-ms="12" status="PASS">
          <reporter-output>
          </reporter-output>
        </test-method> <!-- flushReports -->
      </class> <!-- tests.api.ProductApiTest -->
    </test> <!-- API Tests -->
  </suite> <!-- E-commerce Test Suite -->
</testng-results>
